<?xml version="1.0" encoding="UTF-8"?>
<testng-results skipped="0" failed="0" total="1" passed="1">
  <reporter-output>
  </reporter-output>
  <suite name="Default suite" duration-ms="2042" started-at="2018-07-02T20:33:06Z" finished-at="2018-07-02T20:33:08Z">
    <groups>
    </groups>
    <test name="Default test" duration-ms="2042" started-at="2018-07-02T20:33:06Z" finished-at="2018-07-02T20:33:08Z">
      <class name="week5.LearnExcel">
        <test-method status="PASS" signature="readExcel()[pri:0, instance:week5.LearnExcel@4c203ea1]" name="readExcel" duration-ms="1997" started-at="2018-07-02T22:33:06Z" finished-at="2018-07-02T22:33:08Z">
          <reporter-output>
          </reporter-output>
        </test-method> <!-- readExcel -->
      </class> <!-- week5.LearnExcel -->
    </test> <!-- Default test -->
  </suite> <!-- Default suite -->
</testng-results>
